<?xml version="1.0" encoding="UTF-8" standalone="no"?><testsuite errors="0" failures="0" name="Registro de Ubicaciones de Riesgo en UI" skipped="0" tests="5" time="56.26" timestamp="2026-04-20 10:43:12"><testcase name="Definir layout de 2 ubicaciones"/><testcase name="Agregar ubicación completa con CP válido"/><testcase name="Agregar ubicación incompleta sin garantías muestra error de validación"/><testcase name="Avanzar a información técnica con ubicación registrada"/><testcase name="El botón Atrás regresa a datos generales"/></testsuite>