<?xml version="1.0" encoding="UTF-8" standalone="no"?><testsuite errors="0" failures="0" name="Gestión de Cotizaciones en el Dashboard" skipped="0" tests="5" time="10.58" timestamp="2026-04-20 10:44:09"><testcase name="El dashboard carga con título y tabla visibles"/><testcase name="El botón Nueva Cotización crea una cotización y navega a datos generales"/><testcase name="Eliminar cotización desde el dashboard"/><testcase name="Ver detalle de una cotización existente"/><testcase name="Editar cotización navega a datos generales"/></testsuite>