<?xml version="1.0" encoding="UTF-8"?>
<testsuite name="Gestión de Cotizaciones en el Dashboard" tests="10" skipped="0" failures="0" errors="0" timestamp="2026-04-20T22:41:22" hostname="6ba04ca062c9" time="178.121">
  <properties/>
  <testcase name="El dashboard carga con título y tabla visibles" classname="Gestión de Cotizaciones en el Dashboard" time="1.768"/>
  <testcase name="El botón Nueva Cotización crea una cotización y navega a datos generales" classname="Gestión de Cotizaciones en el Dashboard" time="1.843"/>
  <testcase name="Eliminar cotización desde el dashboard" classname="Gestión de Cotizaciones en el Dashboard" time="2.444"/>
  <testcase name="Ver detalle de una cotización existente" classname="Gestión de Cotizaciones en el Dashboard" time="2.204"/>
  <testcase name="Editar cotización navega a datos generales" classname="Gestión de Cotizaciones en el Dashboard" time="2.349"/>
  <testcase name="El dashboard carga con título y tabla visibles" classname="Gestión de Cotizaciones en el Dashboard" time="1.769"/>
  <testcase name="El botón Nueva Cotización crea una cotización y navega a datos generales" classname="Gestión de Cotizaciones en el Dashboard" time="1.901"/>
  <testcase name="Eliminar cotización desde el dashboard" classname="Gestión de Cotizaciones en el Dashboard" time="2.635"/>
  <testcase name="Ver detalle de una cotización existente" classname="Gestión de Cotizaciones en el Dashboard" time="2.325"/>
  <testcase name="Editar cotización navega a datos generales" classname="Gestión de Cotizaciones en el Dashboard" time="2.437"/>
  <system-out><![CDATA[
@dashboard @ui @dashboard_carga @smoke
Escenario: El dashboard carga con título y tabla visibles ?[90m# features/dashboard/gestion_cotizaciones.feature:12?[0m
  ?[32mDado ?[0m?[32mque el usuario abre la aplicación en el dashboard?[0m  ?[90m# com.cotizador.features.CommonUIStepDefinitions.abrirDashboard()?[0m
  ?[32mEntonces ?[0m?[32mve el título ?[0m?[32m?[1m"Dashboard de Cotizaciones"?[0m       ?[90m# com.cotizador.features.DashboardStepDefinitions.verTitulo(java.lang.String)?[0m
  ?[32mY ?[0m?[32mla tabla de cotizaciones es visible en la página?[0m      ?[90m# com.cotizador.features.DashboardStepDefinitions.tablaVisible()?[0m

@dashboard @ui @nueva_cotizacion_dashboard @smoke
Escenario: El botón Nueva Cotización crea una cotización y navega a datos generales ?[90m# features/dashboard/gestion_cotizaciones.feature:17?[0m
  ?[32mDado ?[0m?[32mque el usuario abre la aplicación en el dashboard?[0m                            ?[90m# com.cotizador.features.CommonUIStepDefinitions.abrirDashboard()?[0m
  ?[32mCuando ?[0m?[32mhace clic en el botón ?[0m?[32m?[1m"Nueva Cotización"?[0m                                   ?[90m# com.cotizador.features.CommonUIStepDefinitions.hacerClicEnBoton(java.lang.String)?[0m
  ?[32mEntonces ?[0m?[32mla URL contiene ?[0m?[32m?[1m"general-info"?[0m                                           ?[90m# com.cotizador.features.CommonUIStepDefinitions.verificarUrlContiene(java.lang.String)?[0m

@dashboard @ui @eliminar_cotizacion @smoke
Escenario: Eliminar cotización desde el dashboard                ?[90m# features/dashboard/gestion_cotizaciones.feature:22?[0m
  ?[32mDado ?[0m?[32mque el usuario abre la aplicación en el dashboard?[0m         ?[90m# com.cotizador.features.CommonUIStepDefinitions.abrirDashboard()?[0m
  ?[32mDado ?[0m?[32mque existe al menos una cotización registrada?[0m             ?[90m# com.cotizador.features.DashboardStepDefinitions.existeAlMenosUnaCotizacion()?[0m
  ?[32mCuando ?[0m?[32mhace clic en el botón eliminar de la primera cotización?[0m ?[90m# com.cotizador.features.DashboardStepDefinitions.hacerClicEliminar()?[0m
  ?[32mY ?[0m?[32mconfirma la eliminación en el diálogo?[0m                        ?[90m# com.cotizador.features.DashboardStepDefinitions.confirmarEliminacion()?[0m
  ?[32mEntonces ?[0m?[32mla lista de cotizaciones se actualiza?[0m                 ?[90m# com.cotizador.features.DashboardStepDefinitions.listaActualizada()?[0m

@dashboard @ui @ver_cotizacion @smoke
Escenario: Ver detalle de una cotización existente          ?[90m# features/dashboard/gestion_cotizaciones.feature:29?[0m
  ?[32mDado ?[0m?[32mque el usuario abre la aplicación en el dashboard?[0m    ?[90m# com.cotizador.features.CommonUIStepDefinitions.abrirDashboard()?[0m
  ?[32mDado ?[0m?[32mque existe al menos una cotización registrada?[0m        ?[90m# com.cotizador.features.DashboardStepDefinitions.existeAlMenosUnaCotizacion()?[0m
  ?[32mCuando ?[0m?[32mhace clic en el botón ver de la primera cotización?[0m ?[90m# com.cotizador.features.DashboardStepDefinitions.hacerClicVer()?[0m
  ?[32mEntonces ?[0m?[32mla URL contiene ?[0m?[32m?[1m"/view"?[0m                          ?[90m# com.cotizador.features.CommonUIStepDefinitions.verificarUrlContiene(java.lang.String)?[0m

@dashboard @ui @editar_cotizacion @smoke
Escenario: Editar cotización navega a datos generales          ?[90m# features/dashboard/gestion_cotizaciones.feature:35?[0m
  ?[32mDado ?[0m?[32mque el usuario abre la aplicación en el dashboard?[0m       ?[90m# com.cotizador.features.CommonUIStepDefinitions.abrirDashboard()?[0m
  ?[32mDado ?[0m?[32mque existe al menos una cotización registrada?[0m           ?[90m# com.cotizador.features.DashboardStepDefinitions.existeAlMenosUnaCotizacion()?[0m
  ?[32mCuando ?[0m?[32mhace clic en el botón editar de la primera cotización?[0m ?[90m# com.cotizador.features.DashboardStepDefinitions.hacerClicEditar()?[0m
  ?[32mEntonces ?[0m?[32mla URL contiene ?[0m?[32m?[1m"/general-info"?[0m                     ?[90m# com.cotizador.features.CommonUIStepDefinitions.verificarUrlContiene(java.lang.String)?[0m

@dashboard @ui @dashboard_carga @smoke
Escenario: El dashboard carga con título y tabla visibles ?[90m# features/dashboard/gestion_cotizaciones.feature:12?[0m
  ?[32mDado ?[0m?[32mque el usuario abre la aplicación en el dashboard?[0m  ?[90m# com.cotizador.features.CommonUIStepDefinitions.abrirDashboard()?[0m
  ?[32mEntonces ?[0m?[32mve el título ?[0m?[32m?[1m"Dashboard de Cotizaciones"?[0m       ?[90m# com.cotizador.features.DashboardStepDefinitions.verTitulo(java.lang.String)?[0m
  ?[32mY ?[0m?[32mla tabla de cotizaciones es visible en la página?[0m      ?[90m# com.cotizador.features.DashboardStepDefinitions.tablaVisible()?[0m

@dashboard @ui @nueva_cotizacion_dashboard @smoke
Escenario: El botón Nueva Cotización crea una cotización y navega a datos generales ?[90m# features/dashboard/gestion_cotizaciones.feature:17?[0m
  ?[32mDado ?[0m?[32mque el usuario abre la aplicación en el dashboard?[0m                            ?[90m# com.cotizador.features.CommonUIStepDefinitions.abrirDashboard()?[0m
  ?[32mCuando ?[0m?[32mhace clic en el botón ?[0m?[32m?[1m"Nueva Cotización"?[0m                                   ?[90m# com.cotizador.features.CommonUIStepDefinitions.hacerClicEnBoton(java.lang.String)?[0m
  ?[32mEntonces ?[0m?[32mla URL contiene ?[0m?[32m?[1m"general-info"?[0m                                           ?[90m# com.cotizador.features.CommonUIStepDefinitions.verificarUrlContiene(java.lang.String)?[0m

@dashboard @ui @eliminar_cotizacion @smoke
Escenario: Eliminar cotización desde el dashboard                ?[90m# features/dashboard/gestion_cotizaciones.feature:22?[0m
  ?[32mDado ?[0m?[32mque el usuario abre la aplicación en el dashboard?[0m         ?[90m# com.cotizador.features.CommonUIStepDefinitions.abrirDashboard()?[0m
  ?[32mDado ?[0m?[32mque existe al menos una cotización registrada?[0m             ?[90m# com.cotizador.features.DashboardStepDefinitions.existeAlMenosUnaCotizacion()?[0m
  ?[32mCuando ?[0m?[32mhace clic en el botón eliminar de la primera cotización?[0m ?[90m# com.cotizador.features.DashboardStepDefinitions.hacerClicEliminar()?[0m
  ?[32mY ?[0m?[32mconfirma la eliminación en el diálogo?[0m                        ?[90m# com.cotizador.features.DashboardStepDefinitions.confirmarEliminacion()?[0m
  ?[32mEntonces ?[0m?[32mla lista de cotizaciones se actualiza?[0m                 ?[90m# com.cotizador.features.DashboardStepDefinitions.listaActualizada()?[0m

@dashboard @ui @ver_cotizacion @smoke
Escenario: Ver detalle de una cotización existente          ?[90m# features/dashboard/gestion_cotizaciones.feature:29?[0m
  ?[32mDado ?[0m?[32mque el usuario abre la aplicación en el dashboard?[0m    ?[90m# com.cotizador.features.CommonUIStepDefinitions.abrirDashboard()?[0m
  ?[32mDado ?[0m?[32mque existe al menos una cotización registrada?[0m        ?[90m# com.cotizador.features.DashboardStepDefinitions.existeAlMenosUnaCotizacion()?[0m
  ?[32mCuando ?[0m?[32mhace clic en el botón ver de la primera cotización?[0m ?[90m# com.cotizador.features.DashboardStepDefinitions.hacerClicVer()?[0m
  ?[32mEntonces ?[0m?[32mla URL contiene ?[0m?[32m?[1m"/view"?[0m                          ?[90m# com.cotizador.features.CommonUIStepDefinitions.verificarUrlContiene(java.lang.String)?[0m

@dashboard @ui @editar_cotizacion @smoke
Escenario: Editar cotización navega a datos generales          ?[90m# features/dashboard/gestion_cotizaciones.feature:35?[0m
  ?[32mDado ?[0m?[32mque el usuario abre la aplicación en el dashboard?[0m       ?[90m# com.cotizador.features.CommonUIStepDefinitions.abrirDashboard()?[0m
  ?[32mDado ?[0m?[32mque existe al menos una cotización registrada?[0m           ?[90m# com.cotizador.features.DashboardStepDefinitions.existeAlMenosUnaCotizacion()?[0m
  ?[32mCuando ?[0m?[32mhace clic en el botón editar de la primera cotización?[0m ?[90m# com.cotizador.features.DashboardStepDefinitions.hacerClicEditar()?[0m
  ?[32mEntonces ?[0m?[32mla URL contiene ?[0m?[32m?[1m"/general-info"?[0m                     ?[90m# com.cotizador.features.CommonUIStepDefinitions.verificarUrlContiene(java.lang.String)?[0m
]]></system-out>
  <system-err><![CDATA[]]></system-err>
</testsuite>
