<?xml version="1.0" encoding="UTF-8"?>
<testsuite name="Flujo Completo de Cotización en la Interfaz de Usuario" tests="4" skipped="0" failures="0" errors="0" timestamp="2026-04-20T22:41:33" hostname="6ba04ca062c9" time="208.992">
  <properties/>
  <testcase name="Flujo completo desde dashboard hasta prima calculada con ubicación incompleta" classname="Flujo Completo de Cotización en la Interfaz de Usuario" time="26.443"/>
  <testcase name="Flujo básico desde cotizador hasta prima calculada" classname="Flujo Completo de Cotización en la Interfaz de Usuario" time="14.479"/>
  <testcase name="Flujo completo desde dashboard hasta prima calculada con ubicación incompleta" classname="Flujo Completo de Cotización en la Interfaz de Usuario" time="26.31"/>
  <testcase name="Flujo básico desde cotizador hasta prima calculada" classname="Flujo Completo de Cotización en la Interfaz de Usuario" time="15.273"/>
  <system-out><![CDATA[
@e2e_ui @ui @smoke @critico @flujo_completo @escenario_aceptacion
Escenario: Flujo completo desde dashboard hasta prima calculada con ubicación incompleta ?[90m# features/e2e/flujo_completo_ui.feature:9?[0m
  ?[32mDado ?[0m?[32mque el usuario abre la aplicación en el dashboard?[0m                                 ?[90m# com.cotizador.features.CommonUIStepDefinitions.abrirDashboard()?[0m
  ?[32mCuando ?[0m?[32mhace clic en el botón ?[0m?[32m?[1m"Nueva Cotización"?[0m                                        ?[90m# com.cotizador.features.CommonUIStepDefinitions.hacerClicEnBoton(java.lang.String)?[0m
  ?[32mEntonces ?[0m?[32mla URL contiene ?[0m?[32m?[1m"general-info"?[0m                                                ?[90m# com.cotizador.features.CommonUIStepDefinitions.verificarUrlContiene(java.lang.String)?[0m
  ?[32mCuando ?[0m?[32mcompleta el campo ?[0m?[32m?[1m"nombre"?[0m?[32m con ?[0m?[32m?[1m"Empresa E2E Test S.A."?[0m                          ?[90m# com.cotizador.features.CommonUIStepDefinitions.completarCampo(java.lang.String,java.lang.String)?[0m
  ?[32mY ?[0m?[32mcompleta el campo ?[0m?[32m?[1m"apellidos"?[0m?[32m con ?[0m?[32m?[1m"Corporacion Test"?[0m                                 ?[90m# com.cotizador.features.CommonUIStepDefinitions.completarCampo(java.lang.String,java.lang.String)?[0m
  ?[32mY ?[0m?[32mcompleta el campo ?[0m?[32m?[1m"telefono"?[0m?[32m con ?[0m?[32m?[1m"+573001234567"?[0m                                     ?[90m# com.cotizador.features.CommonUIStepDefinitions.completarCampo(java.lang.String,java.lang.String)?[0m
  ?[32mY ?[0m?[32mcompleta el campo ?[0m?[32m?[1m"numeroIdentificacion"?[0m?[32m con ?[0m?[32m?[1m"900555666"?[0m                             ?[90m# com.cotizador.features.CommonUIStepDefinitions.completarCampo(java.lang.String,java.lang.String)?[0m
  ?[32mY ?[0m?[32mselecciona ?[0m?[32m?[1m"NIT"?[0m?[32m en el campo ?[0m?[32m?[1m"tipoIdentificacion"?[0m                                    ?[90m# com.cotizador.features.CommonUIStepDefinitions.seleccionarEnCampo(java.lang.String,java.lang.String)?[0m
  ?[32mY ?[0m?[32mhace clic en ?[0m?[32m?[1m"Siguiente"?[0m                                                             ?[90m# com.cotizador.features.CommonUIStepDefinitions.hacerClicEnTexto(java.lang.String)?[0m
  ?[32mEntonces ?[0m?[32mes redirigido a la página de ubicaciones?[0m                                      ?[90m# com.cotizador.features.CommonUIStepDefinitions.redirigidoAUbicaciones()?[0m
  ?[32mCuando ?[0m?[32mingresa ?[0m?[32m?[1m2?[0m?[32m en el campo de cantidad de ubicaciones?[0m                                ?[90m# com.cotizador.features.UbicacionesUIStepDefinitions.ingresarCantidadUbicaciones(java.lang.Integer)?[0m
  ?[32mY ?[0m?[32mhace clic en ?[0m?[32m?[1m"Guardar Layout"?[0m                                                        ?[90m# com.cotizador.features.CommonUIStepDefinitions.hacerClicEnTexto(java.lang.String)?[0m
  ?[32mEntonces ?[0m?[32mel botón ?[0m?[32m?[1m"+ Agregar Ubicación"?[0m?[32m es visible?[0m                                     ?[90m# com.cotizador.features.UbicacionesUIStepDefinitions.botonEsVisible(java.lang.String)?[0m
  ?[32mCuando ?[0m?[32mhace clic en ?[0m?[32m?[1m"+ Agregar Ubicación"?[0m                                              ?[90m# com.cotizador.features.CommonUIStepDefinitions.hacerClicEnTexto(java.lang.String)?[0m
  ?[32mY ?[0m?[32mcompleta el campo ?[0m?[32m?[1m"nombre_ubicacion"?[0m?[32m con ?[0m?[32m?[1m"Sede Principal"?[0m                            ?[90m# com.cotizador.features.CommonUIStepDefinitions.completarCampo(java.lang.String,java.lang.String)?[0m
  ?[32mY ?[0m?[32mcompleta el campo ?[0m?[32m?[1m"direccion"?[0m?[32m con ?[0m?[32m?[1m"Carrera 7 # 10-20"?[0m                                ?[90m# com.cotizador.features.CommonUIStepDefinitions.completarCampo(java.lang.String,java.lang.String)?[0m
  ?[32mY ?[0m?[32mcompleta el campo ?[0m?[32m?[1m"codigo_postal"?[0m?[32m con ?[0m?[32m?[1m"110111"?[0m                                       ?[90m# com.cotizador.features.CommonUIStepDefinitions.completarCampo(java.lang.String,java.lang.String)?[0m
  ?[32mY ?[0m?[32mespera a que se cargue la información del CP?[0m                                         ?[90m# com.cotizador.features.UbicacionesUIStepDefinitions.esperarCargaCP()?[0m
  ?[32mY ?[0m?[32mselecciona el primer giro disponible?[0m                                                 ?[90m# com.cotizador.features.UbicacionesUIStepDefinitions.seleccionarPrimerGiro()?[0m
  ?[32mY ?[0m?[32mselecciona ?[0m?[32m?[1m"LADRILLO_CONCRETO"?[0m?[32m en el campo ?[0m?[32m?[1m"tipo_constructivo"?[0m                       ?[90m# com.cotizador.features.CommonUIStepDefinitions.seleccionarEnCampo(java.lang.String,java.lang.String)?[0m
  ?[32mY ?[0m?[32mcompleta el campo ?[0m?[32m?[1m"anio_construccion"?[0m?[32m con ?[0m?[32m?[1m"2010"?[0m                                     ?[90m# com.cotizador.features.CommonUIStepDefinitions.completarCampo(java.lang.String,java.lang.String)?[0m
  ?[32mY ?[0m?[32mselecciona la garantía ?[0m?[32m?[1m"INCENDIO_EDIFICIOS"?[0m                                          ?[90m# com.cotizador.features.UbicacionesUIStepDefinitions.seleccionarGarantia(java.lang.String)?[0m
  ?[32mY ?[0m?[32mhace clic en ?[0m?[32m?[1m"Guardar Ubicación"?[0m                                                     ?[90m# com.cotizador.features.CommonUIStepDefinitions.hacerClicEnTexto(java.lang.String)?[0m
  ?[32mEntonces ?[0m?[32mla ubicación ?[0m?[32m?[1m"Sede Principal"?[0m?[32m aparece en la lista?[0m                             ?[90m# com.cotizador.features.UbicacionesUIStepDefinitions.ubicacionEnLista(java.lang.String)?[0m
  ?[32mCuando ?[0m?[32mhace clic en ?[0m?[32m?[1m"+ Agregar Ubicación"?[0m                                              ?[90m# com.cotizador.features.CommonUIStepDefinitions.hacerClicEnTexto(java.lang.String)?[0m
  ?[32mY ?[0m?[32mcompleta el campo ?[0m?[32m?[1m"nombre_ubicacion"?[0m?[32m con ?[0m?[32m?[1m"Bodega Incompleta"?[0m                         ?[90m# com.cotizador.features.CommonUIStepDefinitions.completarCampo(java.lang.String,java.lang.String)?[0m
  ?[32mY ?[0m?[32mcompleta el campo ?[0m?[32m?[1m"direccion"?[0m?[32m con ?[0m?[32m?[1m"Calle 80 # 30-40"?[0m                                 ?[90m# com.cotizador.features.CommonUIStepDefinitions.completarCampo(java.lang.String,java.lang.String)?[0m
  ?[32mY ?[0m?[32magrega ubicacion incompleta sin giro ni garantias?[0m                                    ?[90m# com.cotizador.features.UbicacionesUIStepDefinitions.agregarUbicacionIncompleta()?[0m
  ?[32mEntonces ?[0m?[32mhay al menos una ubicacion en la lista?[0m                                        ?[90m# com.cotizador.features.UbicacionesUIStepDefinitions.hayAlMenosUnaUbicacionEnLista()?[0m
  ?[32mCuando ?[0m?[32mhace clic en ?[0m?[32m?[1m"Siguiente"?[0m                                                        ?[90m# com.cotizador.features.CommonUIStepDefinitions.hacerClicEnTexto(java.lang.String)?[0m
  ?[32mEntonces ?[0m?[32mes redirigido a la página de información técnica?[0m                              ?[90m# com.cotizador.features.CommonUIStepDefinitions.redirigidoAInformacionTecnica()?[0m
  ?[32mCuando ?[0m?[32mhace clic en el botón ?[0m?[32m?[1m"Calcular Prima"?[0m                                          ?[90m# com.cotizador.features.CommonUIStepDefinitions.hacerClicEnBoton(java.lang.String)?[0m
  ?[32mEntonces ?[0m?[32mel resultado de prima neta es mayor que cero?[0m                                  ?[90m# com.cotizador.features.CalculoUIStepDefinitions.verificarPrimaNetaMayorQueCero()?[0m
  ?[32mY ?[0m?[32mel resultado de prima comercial es mayor que cero?[0m                                    ?[90m# com.cotizador.features.CalculoUIStepDefinitions.verificarPrimaComercialMayorQueCero()?[0m
  ?[32mY ?[0m?[32mla prima comercial es mayor que la prima neta?[0m                                        ?[90m# com.cotizador.features.CalculoUIStepDefinitions.verificarPrimaComercialMayorQueNeta()?[0m
  ?[32mEntonces ?[0m?[32mse muestra alerta por ubicación incompleta en los resultados?[0m                  ?[90m# com.cotizador.features.UbicacionesUIStepDefinitions.alertaUbicacionIncompleta()?[0m
  ?[32mCuando ?[0m?[32mhace clic en ?[0m?[32m?[1m"Términos y Confirmación"?[0m                                          ?[90m# com.cotizador.features.CommonUIStepDefinitions.hacerClicEnTexto(java.lang.String)?[0m
  ?[32mEntonces ?[0m?[32mes redirigido a la página de términos y confirmación?[0m                          ?[90m# com.cotizador.features.CommonUIStepDefinitions.redirigidoATerminos()?[0m
  ?[32mY ?[0m?[32mla página de términos muestra los valores de prima?[0m                                   ?[90m# com.cotizador.features.CalculoUIStepDefinitions.verificarTerminosMuestranPrimas()?[0m

@e2e_ui @ui @smoke @critico @flujo_simple @smoke
Escenario: Flujo básico desde cotizador hasta prima calculada      ?[90m# features/e2e/flujo_completo_ui.feature:70?[0m
  ?[32mDado ?[0m?[32mque el usuario navega a la página del cotizador?[0m             ?[90m# com.cotizador.features.CommonUIStepDefinitions.navegarCotizador()?[0m
  ?[32mCuando ?[0m?[32mingresa el nombre del asegurado ?[0m?[32m?[1m"Empresa Flujo Simple"?[0m    ?[90m# com.cotizador.features.CotizadorStepDefinitions.ingresarNombre(java.lang.String)?[0m
  ?[32mY ?[0m?[32mingresa el correo ?[0m?[32m?[1m"simple@test.co"?[0m                             ?[90m# com.cotizador.features.CotizadorStepDefinitions.ingresarCorreo(java.lang.String)?[0m
  ?[32mY ?[0m?[32mingresa el código de agente ?[0m?[32m?[1m"AG001"?[0m                            ?[90m# com.cotizador.features.CotizadorStepDefinitions.ingresarCodigoAgente(java.lang.String)?[0m
  ?[32mY ?[0m?[32mhace clic en el botón ?[0m?[32m?[1m"Crear Folio"?[0m                            ?[90m# com.cotizador.features.CommonUIStepDefinitions.hacerClicEnBoton(java.lang.String)?[0m
  ?[32mEntonces ?[0m?[32mes redirigido a la página de datos generales?[0m            ?[90m# com.cotizador.features.CommonUIStepDefinitions.redirigidoADatosGenerales()?[0m
  ?[32mY ?[0m?[32mel número de folio aparece en el encabezado?[0m                    ?[90m# com.cotizador.features.CotizadorStepDefinitions.folioEnEncabezado()?[0m
  ?[32mCuando ?[0m?[32mhace clic en ?[0m?[32m?[1m"Siguiente"?[0m                                  ?[90m# com.cotizador.features.CommonUIStepDefinitions.hacerClicEnTexto(java.lang.String)?[0m
  ?[32mEntonces ?[0m?[32mes redirigido a la página de ubicaciones?[0m                ?[90m# com.cotizador.features.CommonUIStepDefinitions.redirigidoAUbicaciones()?[0m
  ?[32mCuando ?[0m?[32mingresa ?[0m?[32m?[1m1?[0m?[32m en el campo de cantidad de ubicaciones?[0m          ?[90m# com.cotizador.features.UbicacionesUIStepDefinitions.ingresarCantidadUbicaciones(java.lang.Integer)?[0m
  ?[32mY ?[0m?[32mhace clic en ?[0m?[32m?[1m"Guardar Layout"?[0m                                  ?[90m# com.cotizador.features.CommonUIStepDefinitions.hacerClicEnTexto(java.lang.String)?[0m
  ?[32mY ?[0m?[32mhace clic en ?[0m?[32m?[1m"+ Agregar Ubicación"?[0m                             ?[90m# com.cotizador.features.CommonUIStepDefinitions.hacerClicEnTexto(java.lang.String)?[0m
  ?[32mY ?[0m?[32mcompleta el campo ?[0m?[32m?[1m"nombre_ubicacion"?[0m?[32m con ?[0m?[32m?[1m"Sede Única"?[0m          ?[90m# com.cotizador.features.CommonUIStepDefinitions.completarCampo(java.lang.String,java.lang.String)?[0m
  ?[32mY ?[0m?[32mcompleta el campo ?[0m?[32m?[1m"direccion"?[0m?[32m con ?[0m?[32m?[1m"Carrera 15 # 93-75"?[0m         ?[90m# com.cotizador.features.CommonUIStepDefinitions.completarCampo(java.lang.String,java.lang.String)?[0m
  ?[32mY ?[0m?[32mcompleta el campo ?[0m?[32m?[1m"codigo_postal"?[0m?[32m con ?[0m?[32m?[1m"110111"?[0m                 ?[90m# com.cotizador.features.CommonUIStepDefinitions.completarCampo(java.lang.String,java.lang.String)?[0m
  ?[32mY ?[0m?[32mespera a que se cargue la información del CP?[0m                   ?[90m# com.cotizador.features.UbicacionesUIStepDefinitions.esperarCargaCP()?[0m
  ?[32mY ?[0m?[32mselecciona el primer giro disponible?[0m                           ?[90m# com.cotizador.features.UbicacionesUIStepDefinitions.seleccionarPrimerGiro()?[0m
  ?[32mY ?[0m?[32mselecciona ?[0m?[32m?[1m"LADRILLO_CONCRETO"?[0m?[32m en el campo ?[0m?[32m?[1m"tipo_constructivo"?[0m ?[90m# com.cotizador.features.CommonUIStepDefinitions.seleccionarEnCampo(java.lang.String,java.lang.String)?[0m
  ?[32mY ?[0m?[32mcompleta el campo ?[0m?[32m?[1m"anio_construccion"?[0m?[32m con ?[0m?[32m?[1m"2015"?[0m               ?[90m# com.cotizador.features.CommonUIStepDefinitions.completarCampo(java.lang.String,java.lang.String)?[0m
  ?[32mY ?[0m?[32mselecciona la garantía ?[0m?[32m?[1m"INCENDIO_EDIFICIOS"?[0m                    ?[90m# com.cotizador.features.UbicacionesUIStepDefinitions.seleccionarGarantia(java.lang.String)?[0m
  ?[32mY ?[0m?[32mhace clic en ?[0m?[32m?[1m"Guardar Ubicación"?[0m                               ?[90m# com.cotizador.features.CommonUIStepDefinitions.hacerClicEnTexto(java.lang.String)?[0m
  ?[32mY ?[0m?[32mhace clic en ?[0m?[32m?[1m"Siguiente"?[0m                                       ?[90m# com.cotizador.features.CommonUIStepDefinitions.hacerClicEnTexto(java.lang.String)?[0m
  ?[32mEntonces ?[0m?[32mes redirigido a la página de información técnica?[0m        ?[90m# com.cotizador.features.CommonUIStepDefinitions.redirigidoAInformacionTecnica()?[0m
  ?[32mCuando ?[0m?[32mhace clic en el botón ?[0m?[32m?[1m"Calcular Prima"?[0m                    ?[90m# com.cotizador.features.CommonUIStepDefinitions.hacerClicEnBoton(java.lang.String)?[0m
  ?[32mEntonces ?[0m?[32mel resultado de prima neta es mayor que cero?[0m            ?[90m# com.cotizador.features.CalculoUIStepDefinitions.verificarPrimaNetaMayorQueCero()?[0m
  ?[32mY ?[0m?[32mel resultado de prima comercial es mayor que cero?[0m              ?[90m# com.cotizador.features.CalculoUIStepDefinitions.verificarPrimaComercialMayorQueCero()?[0m
  ?[32mCuando ?[0m?[32mhace clic en ?[0m?[32m?[1m"Términos y Confirmación"?[0m                    ?[90m# com.cotizador.features.CommonUIStepDefinitions.hacerClicEnTexto(java.lang.String)?[0m
  ?[32mEntonces ?[0m?[32mes redirigido a la página de términos y confirmación?[0m    ?[90m# com.cotizador.features.CommonUIStepDefinitions.redirigidoATerminos()?[0m
  ?[32mY ?[0m?[32mla página de términos muestra los valores de prima?[0m             ?[90m# com.cotizador.features.CalculoUIStepDefinitions.verificarTerminosMuestranPrimas()?[0m

@e2e_ui @ui @smoke @critico @flujo_completo @escenario_aceptacion
Escenario: Flujo completo desde dashboard hasta prima calculada con ubicación incompleta ?[90m# features/e2e/flujo_completo_ui.feature:9?[0m
  ?[32mDado ?[0m?[32mque el usuario abre la aplicación en el dashboard?[0m                                 ?[90m# com.cotizador.features.CommonUIStepDefinitions.abrirDashboard()?[0m
  ?[32mCuando ?[0m?[32mhace clic en el botón ?[0m?[32m?[1m"Nueva Cotización"?[0m                                        ?[90m# com.cotizador.features.CommonUIStepDefinitions.hacerClicEnBoton(java.lang.String)?[0m
  ?[32mEntonces ?[0m?[32mla URL contiene ?[0m?[32m?[1m"general-info"?[0m                                                ?[90m# com.cotizador.features.CommonUIStepDefinitions.verificarUrlContiene(java.lang.String)?[0m
  ?[32mCuando ?[0m?[32mcompleta el campo ?[0m?[32m?[1m"nombre"?[0m?[32m con ?[0m?[32m?[1m"Empresa E2E Test S.A."?[0m                          ?[90m# com.cotizador.features.CommonUIStepDefinitions.completarCampo(java.lang.String,java.lang.String)?[0m
  ?[32mY ?[0m?[32mcompleta el campo ?[0m?[32m?[1m"apellidos"?[0m?[32m con ?[0m?[32m?[1m"Corporacion Test"?[0m                                 ?[90m# com.cotizador.features.CommonUIStepDefinitions.completarCampo(java.lang.String,java.lang.String)?[0m
  ?[32mY ?[0m?[32mcompleta el campo ?[0m?[32m?[1m"telefono"?[0m?[32m con ?[0m?[32m?[1m"+573001234567"?[0m                                     ?[90m# com.cotizador.features.CommonUIStepDefinitions.completarCampo(java.lang.String,java.lang.String)?[0m
  ?[32mY ?[0m?[32mcompleta el campo ?[0m?[32m?[1m"numeroIdentificacion"?[0m?[32m con ?[0m?[32m?[1m"900555666"?[0m                             ?[90m# com.cotizador.features.CommonUIStepDefinitions.completarCampo(java.lang.String,java.lang.String)?[0m
  ?[32mY ?[0m?[32mselecciona ?[0m?[32m?[1m"NIT"?[0m?[32m en el campo ?[0m?[32m?[1m"tipoIdentificacion"?[0m                                    ?[90m# com.cotizador.features.CommonUIStepDefinitions.seleccionarEnCampo(java.lang.String,java.lang.String)?[0m
  ?[32mY ?[0m?[32mhace clic en ?[0m?[32m?[1m"Siguiente"?[0m                                                             ?[90m# com.cotizador.features.CommonUIStepDefinitions.hacerClicEnTexto(java.lang.String)?[0m
  ?[32mEntonces ?[0m?[32mes redirigido a la página de ubicaciones?[0m                                      ?[90m# com.cotizador.features.CommonUIStepDefinitions.redirigidoAUbicaciones()?[0m
  ?[32mCuando ?[0m?[32mingresa ?[0m?[32m?[1m2?[0m?[32m en el campo de cantidad de ubicaciones?[0m                                ?[90m# com.cotizador.features.UbicacionesUIStepDefinitions.ingresarCantidadUbicaciones(java.lang.Integer)?[0m
  ?[32mY ?[0m?[32mhace clic en ?[0m?[32m?[1m"Guardar Layout"?[0m                                                        ?[90m# com.cotizador.features.CommonUIStepDefinitions.hacerClicEnTexto(java.lang.String)?[0m
  ?[32mEntonces ?[0m?[32mel botón ?[0m?[32m?[1m"+ Agregar Ubicación"?[0m?[32m es visible?[0m                                     ?[90m# com.cotizador.features.UbicacionesUIStepDefinitions.botonEsVisible(java.lang.String)?[0m
  ?[32mCuando ?[0m?[32mhace clic en ?[0m?[32m?[1m"+ Agregar Ubicación"?[0m                                              ?[90m# com.cotizador.features.CommonUIStepDefinitions.hacerClicEnTexto(java.lang.String)?[0m
  ?[32mY ?[0m?[32mcompleta el campo ?[0m?[32m?[1m"nombre_ubicacion"?[0m?[32m con ?[0m?[32m?[1m"Sede Principal"?[0m                            ?[90m# com.cotizador.features.CommonUIStepDefinitions.completarCampo(java.lang.String,java.lang.String)?[0m
  ?[32mY ?[0m?[32mcompleta el campo ?[0m?[32m?[1m"direccion"?[0m?[32m con ?[0m?[32m?[1m"Carrera 7 # 10-20"?[0m                                ?[90m# com.cotizador.features.CommonUIStepDefinitions.completarCampo(java.lang.String,java.lang.String)?[0m
  ?[32mY ?[0m?[32mcompleta el campo ?[0m?[32m?[1m"codigo_postal"?[0m?[32m con ?[0m?[32m?[1m"110111"?[0m                                       ?[90m# com.cotizador.features.CommonUIStepDefinitions.completarCampo(java.lang.String,java.lang.String)?[0m
  ?[32mY ?[0m?[32mespera a que se cargue la información del CP?[0m                                         ?[90m# com.cotizador.features.UbicacionesUIStepDefinitions.esperarCargaCP()?[0m
  ?[32mY ?[0m?[32mselecciona el primer giro disponible?[0m                                                 ?[90m# com.cotizador.features.UbicacionesUIStepDefinitions.seleccionarPrimerGiro()?[0m
  ?[32mY ?[0m?[32mselecciona ?[0m?[32m?[1m"LADRILLO_CONCRETO"?[0m?[32m en el campo ?[0m?[32m?[1m"tipo_constructivo"?[0m                       ?[90m# com.cotizador.features.CommonUIStepDefinitions.seleccionarEnCampo(java.lang.String,java.lang.String)?[0m
  ?[32mY ?[0m?[32mcompleta el campo ?[0m?[32m?[1m"anio_construccion"?[0m?[32m con ?[0m?[32m?[1m"2010"?[0m                                     ?[90m# com.cotizador.features.CommonUIStepDefinitions.completarCampo(java.lang.String,java.lang.String)?[0m
  ?[32mY ?[0m?[32mselecciona la garantía ?[0m?[32m?[1m"INCENDIO_EDIFICIOS"?[0m                                          ?[90m# com.cotizador.features.UbicacionesUIStepDefinitions.seleccionarGarantia(java.lang.String)?[0m
  ?[32mY ?[0m?[32mhace clic en ?[0m?[32m?[1m"Guardar Ubicación"?[0m                                                     ?[90m# com.cotizador.features.CommonUIStepDefinitions.hacerClicEnTexto(java.lang.String)?[0m
  ?[32mEntonces ?[0m?[32mla ubicación ?[0m?[32m?[1m"Sede Principal"?[0m?[32m aparece en la lista?[0m                             ?[90m# com.cotizador.features.UbicacionesUIStepDefinitions.ubicacionEnLista(java.lang.String)?[0m
  ?[32mCuando ?[0m?[32mhace clic en ?[0m?[32m?[1m"+ Agregar Ubicación"?[0m                                              ?[90m# com.cotizador.features.CommonUIStepDefinitions.hacerClicEnTexto(java.lang.String)?[0m
  ?[32mY ?[0m?[32mcompleta el campo ?[0m?[32m?[1m"nombre_ubicacion"?[0m?[32m con ?[0m?[32m?[1m"Bodega Incompleta"?[0m                         ?[90m# com.cotizador.features.CommonUIStepDefinitions.completarCampo(java.lang.String,java.lang.String)?[0m
  ?[32mY ?[0m?[32mcompleta el campo ?[0m?[32m?[1m"direccion"?[0m?[32m con ?[0m?[32m?[1m"Calle 80 # 30-40"?[0m                                 ?[90m# com.cotizador.features.CommonUIStepDefinitions.completarCampo(java.lang.String,java.lang.String)?[0m
  ?[32mY ?[0m?[32magrega ubicacion incompleta sin giro ni garantias?[0m                                    ?[90m# com.cotizador.features.UbicacionesUIStepDefinitions.agregarUbicacionIncompleta()?[0m
  ?[32mEntonces ?[0m?[32mhay al menos una ubicacion en la lista?[0m                                        ?[90m# com.cotizador.features.UbicacionesUIStepDefinitions.hayAlMenosUnaUbicacionEnLista()?[0m
  ?[32mCuando ?[0m?[32mhace clic en ?[0m?[32m?[1m"Siguiente"?[0m                                                        ?[90m# com.cotizador.features.CommonUIStepDefinitions.hacerClicEnTexto(java.lang.String)?[0m
  ?[32mEntonces ?[0m?[32mes redirigido a la página de información técnica?[0m                              ?[90m# com.cotizador.features.CommonUIStepDefinitions.redirigidoAInformacionTecnica()?[0m
  ?[32mCuando ?[0m?[32mhace clic en el botón ?[0m?[32m?[1m"Calcular Prima"?[0m                                          ?[90m# com.cotizador.features.CommonUIStepDefinitions.hacerClicEnBoton(java.lang.String)?[0m
  ?[32mEntonces ?[0m?[32mel resultado de prima neta es mayor que cero?[0m                                  ?[90m# com.cotizador.features.CalculoUIStepDefinitions.verificarPrimaNetaMayorQueCero()?[0m
  ?[32mY ?[0m?[32mel resultado de prima comercial es mayor que cero?[0m                                    ?[90m# com.cotizador.features.CalculoUIStepDefinitions.verificarPrimaComercialMayorQueCero()?[0m
  ?[32mY ?[0m?[32mla prima comercial es mayor que la prima neta?[0m                                        ?[90m# com.cotizador.features.CalculoUIStepDefinitions.verificarPrimaComercialMayorQueNeta()?[0m
  ?[32mEntonces ?[0m?[32mse muestra alerta por ubicación incompleta en los resultados?[0m                  ?[90m# com.cotizador.features.UbicacionesUIStepDefinitions.alertaUbicacionIncompleta()?[0m
  ?[32mCuando ?[0m?[32mhace clic en ?[0m?[32m?[1m"Términos y Confirmación"?[0m                                          ?[90m# com.cotizador.features.CommonUIStepDefinitions.hacerClicEnTexto(java.lang.String)?[0m
  ?[32mEntonces ?[0m?[32mes redirigido a la página de términos y confirmación?[0m                          ?[90m# com.cotizador.features.CommonUIStepDefinitions.redirigidoATerminos()?[0m
  ?[32mY ?[0m?[32mla página de términos muestra los valores de prima?[0m                                   ?[90m# com.cotizador.features.CalculoUIStepDefinitions.verificarTerminosMuestranPrimas()?[0m

@e2e_ui @ui @smoke @critico @flujo_simple @smoke
Escenario: Flujo básico desde cotizador hasta prima calculada      ?[90m# features/e2e/flujo_completo_ui.feature:70?[0m
  ?[32mDado ?[0m?[32mque el usuario navega a la página del cotizador?[0m             ?[90m# com.cotizador.features.CommonUIStepDefinitions.navegarCotizador()?[0m
  ?[32mCuando ?[0m?[32mingresa el nombre del asegurado ?[0m?[32m?[1m"Empresa Flujo Simple"?[0m    ?[90m# com.cotizador.features.CotizadorStepDefinitions.ingresarNombre(java.lang.String)?[0m
  ?[32mY ?[0m?[32mingresa el correo ?[0m?[32m?[1m"simple@test.co"?[0m                             ?[90m# com.cotizador.features.CotizadorStepDefinitions.ingresarCorreo(java.lang.String)?[0m
  ?[32mY ?[0m?[32mingresa el código de agente ?[0m?[32m?[1m"AG001"?[0m                            ?[90m# com.cotizador.features.CotizadorStepDefinitions.ingresarCodigoAgente(java.lang.String)?[0m
  ?[32mY ?[0m?[32mhace clic en el botón ?[0m?[32m?[1m"Crear Folio"?[0m                            ?[90m# com.cotizador.features.CommonUIStepDefinitions.hacerClicEnBoton(java.lang.String)?[0m
  ?[32mEntonces ?[0m?[32mes redirigido a la página de datos generales?[0m            ?[90m# com.cotizador.features.CommonUIStepDefinitions.redirigidoADatosGenerales()?[0m
  ?[32mY ?[0m?[32mel número de folio aparece en el encabezado?[0m                    ?[90m# com.cotizador.features.CotizadorStepDefinitions.folioEnEncabezado()?[0m
  ?[32mCuando ?[0m?[32mhace clic en ?[0m?[32m?[1m"Siguiente"?[0m                                  ?[90m# com.cotizador.features.CommonUIStepDefinitions.hacerClicEnTexto(java.lang.String)?[0m
  ?[32mEntonces ?[0m?[32mes redirigido a la página de ubicaciones?[0m                ?[90m# com.cotizador.features.CommonUIStepDefinitions.redirigidoAUbicaciones()?[0m
  ?[32mCuando ?[0m?[32mingresa ?[0m?[32m?[1m1?[0m?[32m en el campo de cantidad de ubicaciones?[0m          ?[90m# com.cotizador.features.UbicacionesUIStepDefinitions.ingresarCantidadUbicaciones(java.lang.Integer)?[0m
  ?[32mY ?[0m?[32mhace clic en ?[0m?[32m?[1m"Guardar Layout"?[0m                                  ?[90m# com.cotizador.features.CommonUIStepDefinitions.hacerClicEnTexto(java.lang.String)?[0m
  ?[32mY ?[0m?[32mhace clic en ?[0m?[32m?[1m"+ Agregar Ubicación"?[0m                             ?[90m# com.cotizador.features.CommonUIStepDefinitions.hacerClicEnTexto(java.lang.String)?[0m
  ?[32mY ?[0m?[32mcompleta el campo ?[0m?[32m?[1m"nombre_ubicacion"?[0m?[32m con ?[0m?[32m?[1m"Sede Única"?[0m          ?[90m# com.cotizador.features.CommonUIStepDefinitions.completarCampo(java.lang.String,java.lang.String)?[0m
  ?[32mY ?[0m?[32mcompleta el campo ?[0m?[32m?[1m"direccion"?[0m?[32m con ?[0m?[32m?[1m"Carrera 15 # 93-75"?[0m         ?[90m# com.cotizador.features.CommonUIStepDefinitions.completarCampo(java.lang.String,java.lang.String)?[0m
  ?[32mY ?[0m?[32mcompleta el campo ?[0m?[32m?[1m"codigo_postal"?[0m?[32m con ?[0m?[32m?[1m"110111"?[0m                 ?[90m# com.cotizador.features.CommonUIStepDefinitions.completarCampo(java.lang.String,java.lang.String)?[0m
  ?[32mY ?[0m?[32mespera a que se cargue la información del CP?[0m                   ?[90m# com.cotizador.features.UbicacionesUIStepDefinitions.esperarCargaCP()?[0m
  ?[32mY ?[0m?[32mselecciona el primer giro disponible?[0m                           ?[90m# com.cotizador.features.UbicacionesUIStepDefinitions.seleccionarPrimerGiro()?[0m
  ?[32mY ?[0m?[32mselecciona ?[0m?[32m?[1m"LADRILLO_CONCRETO"?[0m?[32m en el campo ?[0m?[32m?[1m"tipo_constructivo"?[0m ?[90m# com.cotizador.features.CommonUIStepDefinitions.seleccionarEnCampo(java.lang.String,java.lang.String)?[0m
  ?[32mY ?[0m?[32mcompleta el campo ?[0m?[32m?[1m"anio_construccion"?[0m?[32m con ?[0m?[32m?[1m"2015"?[0m               ?[90m# com.cotizador.features.CommonUIStepDefinitions.completarCampo(java.lang.String,java.lang.String)?[0m
  ?[32mY ?[0m?[32mselecciona la garantía ?[0m?[32m?[1m"INCENDIO_EDIFICIOS"?[0m                    ?[90m# com.cotizador.features.UbicacionesUIStepDefinitions.seleccionarGarantia(java.lang.String)?[0m
  ?[32mY ?[0m?[32mhace clic en ?[0m?[32m?[1m"Guardar Ubicación"?[0m                               ?[90m# com.cotizador.features.CommonUIStepDefinitions.hacerClicEnTexto(java.lang.String)?[0m
  ?[32mY ?[0m?[32mhace clic en ?[0m?[32m?[1m"Siguiente"?[0m                                       ?[90m# com.cotizador.features.CommonUIStepDefinitions.hacerClicEnTexto(java.lang.String)?[0m
  ?[32mEntonces ?[0m?[32mes redirigido a la página de información técnica?[0m        ?[90m# com.cotizador.features.CommonUIStepDefinitions.redirigidoAInformacionTecnica()?[0m
  ?[32mCuando ?[0m?[32mhace clic en el botón ?[0m?[32m?[1m"Calcular Prima"?[0m                    ?[90m# com.cotizador.features.CommonUIStepDefinitions.hacerClicEnBoton(java.lang.String)?[0m
  ?[32mEntonces ?[0m?[32mel resultado de prima neta es mayor que cero?[0m            ?[90m# com.cotizador.features.CalculoUIStepDefinitions.verificarPrimaNetaMayorQueCero()?[0m
  ?[32mY ?[0m?[32mel resultado de prima comercial es mayor que cero?[0m              ?[90m# com.cotizador.features.CalculoUIStepDefinitions.verificarPrimaComercialMayorQueCero()?[0m
  ?[32mCuando ?[0m?[32mhace clic en ?[0m?[32m?[1m"Términos y Confirmación"?[0m                    ?[90m# com.cotizador.features.CommonUIStepDefinitions.hacerClicEnTexto(java.lang.String)?[0m
  ?[32mEntonces ?[0m?[32mes redirigido a la página de términos y confirmación?[0m    ?[90m# com.cotizador.features.CommonUIStepDefinitions.redirigidoATerminos()?[0m
  ?[32mY ?[0m?[32mla página de términos muestra los valores de prima?[0m             ?[90m# com.cotizador.features.CalculoUIStepDefinitions.verificarTerminosMuestranPrimas()?[0m
]]></system-out>
  <system-err><![CDATA[]]></system-err>
</testsuite>
