<?xml version="1.0" encoding="UTF-8"?>
<testsuite name="Registro de Ubicaciones de Riesgo en UI" tests="10" skipped="0" failures="0" errors="0" timestamp="2026-04-20T22:40:23" hostname="6ba04ca062c9" time="226.284">
  <properties/>
  <testcase name="Definir layout de 2 ubicaciones" classname="Registro de Ubicaciones de Riesgo en UI" time="6.415"/>
  <testcase name="Agregar ubicación completa con CP válido" classname="Registro de Ubicaciones de Riesgo en UI" time="12.528"/>
  <testcase name="Agregar ubicación incompleta sin garantías muestra error de validación" classname="Registro de Ubicaciones de Riesgo en UI" time="19.958"/>
  <testcase name="Avanzar a información técnica con ubicación registrada" classname="Registro de Ubicaciones de Riesgo en UI" time="15.191"/>
  <testcase name="El botón Atrás regresa a datos generales" classname="Registro de Ubicaciones de Riesgo en UI" time="4.746"/>
  <testcase name="Definir layout de 2 ubicaciones" classname="Registro de Ubicaciones de Riesgo en UI" time="5.818"/>
  <testcase name="Agregar ubicación completa con CP válido" classname="Registro de Ubicaciones de Riesgo en UI" time="12.148"/>
  <testcase name="Agregar ubicación incompleta sin garantías muestra error de validación" classname="Registro de Ubicaciones de Riesgo en UI" time="19.691"/>
  <testcase name="Avanzar a información técnica con ubicación registrada" classname="Registro de Ubicaciones de Riesgo en UI" time="14.392"/>
  <testcase name="El botón Atrás regresa a datos generales" classname="Registro de Ubicaciones de Riesgo en UI" time="4.736"/>
  <system-out><![CDATA[
@ubicaciones_ui @ui @definir_layout @smoke
Escenario: Definir layout de 2 ubicaciones                                                ?[90m# features/cotizador/ubicaciones_ui.feature:12?[0m
  ?[32mDado ?[0m?[32mque existe un folio con datos generales completos y el usuario está en ubicaciones?[0m ?[90m# com.cotizador.features.CommonUIStepDefinitions.folioConDatosGeneralesEnUbicaciones()?[0m
  ?[32mCuando ?[0m?[32mingresa ?[0m?[32m?[1m2?[0m?[32m en el campo de cantidad de ubicaciones?[0m                                 ?[90m# com.cotizador.features.UbicacionesUIStepDefinitions.ingresarCantidadUbicaciones(java.lang.Integer)?[0m
  ?[32mY ?[0m?[32mhace clic en ?[0m?[32m?[1m"Guardar Layout"?[0m                                                         ?[90m# com.cotizador.features.CommonUIStepDefinitions.hacerClicEnTexto(java.lang.String)?[0m
  ?[32mEntonces ?[0m?[32mel botón ?[0m?[32m?[1m"+ Agregar Ubicación"?[0m?[32m es visible?[0m                                      ?[90m# com.cotizador.features.UbicacionesUIStepDefinitions.botonEsVisible(java.lang.String)?[0m

@ubicaciones_ui @ui @agregar_ubicacion_completa @smoke
Escenario: Agregar ubicación completa con CP válido                                       ?[90m# features/cotizador/ubicaciones_ui.feature:18?[0m
  ?[32mDado ?[0m?[32mque existe un folio con datos generales completos y el usuario está en ubicaciones?[0m ?[90m# com.cotizador.features.CommonUIStepDefinitions.folioConDatosGeneralesEnUbicaciones()?[0m
  ?[32mDado ?[0m?[32mque el layout está configurado con ?[0m?[32m?[1m1?[0m?[32m ubicaciones?[0m                                   ?[90m# com.cotizador.features.UbicacionesUIStepDefinitions.configurarLayout(java.lang.Integer)?[0m
  ?[32mCuando ?[0m?[32mhace clic en ?[0m?[32m?[1m"+ Agregar Ubicación"?[0m                                               ?[90m# com.cotizador.features.CommonUIStepDefinitions.hacerClicEnTexto(java.lang.String)?[0m
  ?[32mY ?[0m?[32mcompleta el campo ?[0m?[32m?[1m"nombre_ubicacion"?[0m?[32m con ?[0m?[32m?[1m"Oficina Central"?[0m                            ?[90m# com.cotizador.features.CommonUIStepDefinitions.completarCampo(java.lang.String,java.lang.String)?[0m
  ?[32mY ?[0m?[32mcompleta el campo ?[0m?[32m?[1m"direccion"?[0m?[32m con ?[0m?[32m?[1m"Carrera 7 # 10-20"?[0m                                 ?[90m# com.cotizador.features.CommonUIStepDefinitions.completarCampo(java.lang.String,java.lang.String)?[0m
  ?[32mY ?[0m?[32mcompleta el campo ?[0m?[32m?[1m"codigo_postal"?[0m?[32m con ?[0m?[32m?[1m"110111"?[0m                                        ?[90m# com.cotizador.features.CommonUIStepDefinitions.completarCampo(java.lang.String,java.lang.String)?[0m
  ?[32mY ?[0m?[32mespera a que se cargue la información del CP?[0m                                          ?[90m# com.cotizador.features.UbicacionesUIStepDefinitions.esperarCargaCP()?[0m
  ?[32mY ?[0m?[32mselecciona el primer giro disponible?[0m                                                  ?[90m# com.cotizador.features.UbicacionesUIStepDefinitions.seleccionarPrimerGiro()?[0m
  ?[32mY ?[0m?[32mselecciona ?[0m?[32m?[1m"LADRILLO_CONCRETO"?[0m?[32m en el campo ?[0m?[32m?[1m"tipo_constructivo"?[0m                        ?[90m# com.cotizador.features.CommonUIStepDefinitions.seleccionarEnCampo(java.lang.String,java.lang.String)?[0m
  ?[32mY ?[0m?[32mcompleta el campo ?[0m?[32m?[1m"anio_construccion"?[0m?[32m con ?[0m?[32m?[1m"2010"?[0m                                      ?[90m# com.cotizador.features.CommonUIStepDefinitions.completarCampo(java.lang.String,java.lang.String)?[0m
  ?[32mY ?[0m?[32mselecciona la garantía ?[0m?[32m?[1m"INCENDIO_EDIFICIOS"?[0m                                           ?[90m# com.cotizador.features.UbicacionesUIStepDefinitions.seleccionarGarantia(java.lang.String)?[0m
  ?[32mY ?[0m?[32mhace clic en ?[0m?[32m?[1m"Guardar Ubicación"?[0m                                                      ?[90m# com.cotizador.features.CommonUIStepDefinitions.hacerClicEnTexto(java.lang.String)?[0m
  ?[32mEntonces ?[0m?[32mla ubicación ?[0m?[32m?[1m"Oficina Central"?[0m?[32m aparece en la lista?[0m                             ?[90m# com.cotizador.features.UbicacionesUIStepDefinitions.ubicacionEnLista(java.lang.String)?[0m

@ubicaciones_ui @ui @agregar_ubicacion_incompleta @smoke @critico
Escenario: Agregar ubicación incompleta sin garantías muestra error de validación         ?[90m# features/cotizador/ubicaciones_ui.feature:33?[0m
  ?[32mDado ?[0m?[32mque existe un folio con datos generales completos y el usuario está en ubicaciones?[0m ?[90m# com.cotizador.features.CommonUIStepDefinitions.folioConDatosGeneralesEnUbicaciones()?[0m
  ?[32mDado ?[0m?[32mque el layout está configurado con ?[0m?[32m?[1m2?[0m?[32m ubicaciones?[0m                                   ?[90m# com.cotizador.features.UbicacionesUIStepDefinitions.configurarLayout(java.lang.Integer)?[0m
  ?[32mY ?[0m?[32mhay al menos una ubicación registrada en la UI?[0m                                        ?[90m# com.cotizador.features.UbicacionesUIStepDefinitions.hayAlMenosUnaUbicacion()?[0m
  ?[32mCuando ?[0m?[32mhace clic en ?[0m?[32m?[1m"+ Agregar Ubicación"?[0m                                               ?[90m# com.cotizador.features.CommonUIStepDefinitions.hacerClicEnTexto(java.lang.String)?[0m
  ?[32mY ?[0m?[32mcompleta el campo ?[0m?[32m?[1m"nombre_ubicacion"?[0m?[32m con ?[0m?[32m?[1m"Sucursal Incompleta"?[0m                        ?[90m# com.cotizador.features.CommonUIStepDefinitions.completarCampo(java.lang.String,java.lang.String)?[0m
  ?[32mY ?[0m?[32mcompleta el campo ?[0m?[32m?[1m"direccion"?[0m?[32m con ?[0m?[32m?[1m"Calle 50 # 20-30"?[0m                                  ?[90m# com.cotizador.features.CommonUIStepDefinitions.completarCampo(java.lang.String,java.lang.String)?[0m
  ?[32mY ?[0m?[32mcompleta el campo ?[0m?[32m?[1m"codigo_postal"?[0m?[32m con ?[0m?[32m?[1m"110111"?[0m                                        ?[90m# com.cotizador.features.CommonUIStepDefinitions.completarCampo(java.lang.String,java.lang.String)?[0m
  ?[32mY ?[0m?[32mespera a que se cargue la información del CP?[0m                                          ?[90m# com.cotizador.features.UbicacionesUIStepDefinitions.esperarCargaCP()?[0m
  ?[32mY ?[0m?[32mhace clic en ?[0m?[32m?[1m"Guardar Ubicación"?[0m                                                      ?[90m# com.cotizador.features.CommonUIStepDefinitions.hacerClicEnTexto(java.lang.String)?[0m
  ?[32mEntonces ?[0m?[32mpermanece en la página de ubicaciones con error de validación?[0m                  ?[90m# com.cotizador.features.UbicacionesUIStepDefinitions.permanecesEnUbicacionesConError()?[0m

@ubicaciones_ui @ui @avanzar_con_ubicacion @smoke
Escenario: Avanzar a información técnica con ubicación registrada                         ?[90m# features/cotizador/ubicaciones_ui.feature:45?[0m
  ?[32mDado ?[0m?[32mque existe un folio con datos generales completos y el usuario está en ubicaciones?[0m ?[90m# com.cotizador.features.CommonUIStepDefinitions.folioConDatosGeneralesEnUbicaciones()?[0m
  ?[32mDado ?[0m?[32mque hay al menos una ubicación registrada en la UI?[0m                                 ?[90m# com.cotizador.features.UbicacionesUIStepDefinitions.hayAlMenosUnaUbicacion()?[0m
  ?[32mCuando ?[0m?[32mhace clic en ?[0m?[32m?[1m"Siguiente"?[0m                                                         ?[90m# com.cotizador.features.CommonUIStepDefinitions.hacerClicEnTexto(java.lang.String)?[0m
  ?[32mEntonces ?[0m?[32mes redirigido a la página de información técnica?[0m                               ?[90m# com.cotizador.features.CommonUIStepDefinitions.redirigidoAInformacionTecnica()?[0m

@ubicaciones_ui @ui @navegacion_atras_ubicaciones @smoke
Escenario: El botón Atrás regresa a datos generales                                       ?[90m# features/cotizador/ubicaciones_ui.feature:51?[0m
  ?[32mDado ?[0m?[32mque existe un folio con datos generales completos y el usuario está en ubicaciones?[0m ?[90m# com.cotizador.features.CommonUIStepDefinitions.folioConDatosGeneralesEnUbicaciones()?[0m
  ?[32mCuando ?[0m?[32mhace clic en ?[0m?[32m?[1m"Atrás"?[0m                                                             ?[90m# com.cotizador.features.CommonUIStepDefinitions.hacerClicEnTexto(java.lang.String)?[0m
  ?[32mEntonces ?[0m?[32mla URL contiene ?[0m?[32m?[1m"/general-info"?[0m                                                ?[90m# com.cotizador.features.CommonUIStepDefinitions.verificarUrlContiene(java.lang.String)?[0m

@ubicaciones_ui @ui @definir_layout @smoke
Escenario: Definir layout de 2 ubicaciones                                                ?[90m# features/cotizador/ubicaciones_ui.feature:12?[0m
  ?[32mDado ?[0m?[32mque existe un folio con datos generales completos y el usuario está en ubicaciones?[0m ?[90m# com.cotizador.features.CommonUIStepDefinitions.folioConDatosGeneralesEnUbicaciones()?[0m
  ?[32mCuando ?[0m?[32mingresa ?[0m?[32m?[1m2?[0m?[32m en el campo de cantidad de ubicaciones?[0m                                 ?[90m# com.cotizador.features.UbicacionesUIStepDefinitions.ingresarCantidadUbicaciones(java.lang.Integer)?[0m
  ?[32mY ?[0m?[32mhace clic en ?[0m?[32m?[1m"Guardar Layout"?[0m                                                         ?[90m# com.cotizador.features.CommonUIStepDefinitions.hacerClicEnTexto(java.lang.String)?[0m
  ?[32mEntonces ?[0m?[32mel botón ?[0m?[32m?[1m"+ Agregar Ubicación"?[0m?[32m es visible?[0m                                      ?[90m# com.cotizador.features.UbicacionesUIStepDefinitions.botonEsVisible(java.lang.String)?[0m

@ubicaciones_ui @ui @agregar_ubicacion_completa @smoke
Escenario: Agregar ubicación completa con CP válido                                       ?[90m# features/cotizador/ubicaciones_ui.feature:18?[0m
  ?[32mDado ?[0m?[32mque existe un folio con datos generales completos y el usuario está en ubicaciones?[0m ?[90m# com.cotizador.features.CommonUIStepDefinitions.folioConDatosGeneralesEnUbicaciones()?[0m
  ?[32mDado ?[0m?[32mque el layout está configurado con ?[0m?[32m?[1m1?[0m?[32m ubicaciones?[0m                                   ?[90m# com.cotizador.features.UbicacionesUIStepDefinitions.configurarLayout(java.lang.Integer)?[0m
  ?[32mCuando ?[0m?[32mhace clic en ?[0m?[32m?[1m"+ Agregar Ubicación"?[0m                                               ?[90m# com.cotizador.features.CommonUIStepDefinitions.hacerClicEnTexto(java.lang.String)?[0m
  ?[32mY ?[0m?[32mcompleta el campo ?[0m?[32m?[1m"nombre_ubicacion"?[0m?[32m con ?[0m?[32m?[1m"Oficina Central"?[0m                            ?[90m# com.cotizador.features.CommonUIStepDefinitions.completarCampo(java.lang.String,java.lang.String)?[0m
  ?[32mY ?[0m?[32mcompleta el campo ?[0m?[32m?[1m"direccion"?[0m?[32m con ?[0m?[32m?[1m"Carrera 7 # 10-20"?[0m                                 ?[90m# com.cotizador.features.CommonUIStepDefinitions.completarCampo(java.lang.String,java.lang.String)?[0m
  ?[32mY ?[0m?[32mcompleta el campo ?[0m?[32m?[1m"codigo_postal"?[0m?[32m con ?[0m?[32m?[1m"110111"?[0m                                        ?[90m# com.cotizador.features.CommonUIStepDefinitions.completarCampo(java.lang.String,java.lang.String)?[0m
  ?[32mY ?[0m?[32mespera a que se cargue la información del CP?[0m                                          ?[90m# com.cotizador.features.UbicacionesUIStepDefinitions.esperarCargaCP()?[0m
  ?[32mY ?[0m?[32mselecciona el primer giro disponible?[0m                                                  ?[90m# com.cotizador.features.UbicacionesUIStepDefinitions.seleccionarPrimerGiro()?[0m
  ?[32mY ?[0m?[32mselecciona ?[0m?[32m?[1m"LADRILLO_CONCRETO"?[0m?[32m en el campo ?[0m?[32m?[1m"tipo_constructivo"?[0m                        ?[90m# com.cotizador.features.CommonUIStepDefinitions.seleccionarEnCampo(java.lang.String,java.lang.String)?[0m
  ?[32mY ?[0m?[32mcompleta el campo ?[0m?[32m?[1m"anio_construccion"?[0m?[32m con ?[0m?[32m?[1m"2010"?[0m                                      ?[90m# com.cotizador.features.CommonUIStepDefinitions.completarCampo(java.lang.String,java.lang.String)?[0m
  ?[32mY ?[0m?[32mselecciona la garantía ?[0m?[32m?[1m"INCENDIO_EDIFICIOS"?[0m                                           ?[90m# com.cotizador.features.UbicacionesUIStepDefinitions.seleccionarGarantia(java.lang.String)?[0m
  ?[32mY ?[0m?[32mhace clic en ?[0m?[32m?[1m"Guardar Ubicación"?[0m                                                      ?[90m# com.cotizador.features.CommonUIStepDefinitions.hacerClicEnTexto(java.lang.String)?[0m
  ?[32mEntonces ?[0m?[32mla ubicación ?[0m?[32m?[1m"Oficina Central"?[0m?[32m aparece en la lista?[0m                             ?[90m# com.cotizador.features.UbicacionesUIStepDefinitions.ubicacionEnLista(java.lang.String)?[0m

@ubicaciones_ui @ui @agregar_ubicacion_incompleta @smoke @critico
Escenario: Agregar ubicación incompleta sin garantías muestra error de validación         ?[90m# features/cotizador/ubicaciones_ui.feature:33?[0m
  ?[32mDado ?[0m?[32mque existe un folio con datos generales completos y el usuario está en ubicaciones?[0m ?[90m# com.cotizador.features.CommonUIStepDefinitions.folioConDatosGeneralesEnUbicaciones()?[0m
  ?[32mDado ?[0m?[32mque el layout está configurado con ?[0m?[32m?[1m2?[0m?[32m ubicaciones?[0m                                   ?[90m# com.cotizador.features.UbicacionesUIStepDefinitions.configurarLayout(java.lang.Integer)?[0m
  ?[32mY ?[0m?[32mhay al menos una ubicación registrada en la UI?[0m                                        ?[90m# com.cotizador.features.UbicacionesUIStepDefinitions.hayAlMenosUnaUbicacion()?[0m
  ?[32mCuando ?[0m?[32mhace clic en ?[0m?[32m?[1m"+ Agregar Ubicación"?[0m                                               ?[90m# com.cotizador.features.CommonUIStepDefinitions.hacerClicEnTexto(java.lang.String)?[0m
  ?[32mY ?[0m?[32mcompleta el campo ?[0m?[32m?[1m"nombre_ubicacion"?[0m?[32m con ?[0m?[32m?[1m"Sucursal Incompleta"?[0m                        ?[90m# com.cotizador.features.CommonUIStepDefinitions.completarCampo(java.lang.String,java.lang.String)?[0m
  ?[32mY ?[0m?[32mcompleta el campo ?[0m?[32m?[1m"direccion"?[0m?[32m con ?[0m?[32m?[1m"Calle 50 # 20-30"?[0m                                  ?[90m# com.cotizador.features.CommonUIStepDefinitions.completarCampo(java.lang.String,java.lang.String)?[0m
  ?[32mY ?[0m?[32mcompleta el campo ?[0m?[32m?[1m"codigo_postal"?[0m?[32m con ?[0m?[32m?[1m"110111"?[0m                                        ?[90m# com.cotizador.features.CommonUIStepDefinitions.completarCampo(java.lang.String,java.lang.String)?[0m
  ?[32mY ?[0m?[32mespera a que se cargue la información del CP?[0m                                          ?[90m# com.cotizador.features.UbicacionesUIStepDefinitions.esperarCargaCP()?[0m
  ?[32mY ?[0m?[32mhace clic en ?[0m?[32m?[1m"Guardar Ubicación"?[0m                                                      ?[90m# com.cotizador.features.CommonUIStepDefinitions.hacerClicEnTexto(java.lang.String)?[0m
  ?[32mEntonces ?[0m?[32mpermanece en la página de ubicaciones con error de validación?[0m                  ?[90m# com.cotizador.features.UbicacionesUIStepDefinitions.permanecesEnUbicacionesConError()?[0m

@ubicaciones_ui @ui @avanzar_con_ubicacion @smoke
Escenario: Avanzar a información técnica con ubicación registrada                         ?[90m# features/cotizador/ubicaciones_ui.feature:45?[0m
  ?[32mDado ?[0m?[32mque existe un folio con datos generales completos y el usuario está en ubicaciones?[0m ?[90m# com.cotizador.features.CommonUIStepDefinitions.folioConDatosGeneralesEnUbicaciones()?[0m
  ?[32mDado ?[0m?[32mque hay al menos una ubicación registrada en la UI?[0m                                 ?[90m# com.cotizador.features.UbicacionesUIStepDefinitions.hayAlMenosUnaUbicacion()?[0m
  ?[32mCuando ?[0m?[32mhace clic en ?[0m?[32m?[1m"Siguiente"?[0m                                                         ?[90m# com.cotizador.features.CommonUIStepDefinitions.hacerClicEnTexto(java.lang.String)?[0m
  ?[32mEntonces ?[0m?[32mes redirigido a la página de información técnica?[0m                               ?[90m# com.cotizador.features.CommonUIStepDefinitions.redirigidoAInformacionTecnica()?[0m

@ubicaciones_ui @ui @navegacion_atras_ubicaciones @smoke
Escenario: El botón Atrás regresa a datos generales                                       ?[90m# features/cotizador/ubicaciones_ui.feature:51?[0m
  ?[32mDado ?[0m?[32mque existe un folio con datos generales completos y el usuario está en ubicaciones?[0m ?[90m# com.cotizador.features.CommonUIStepDefinitions.folioConDatosGeneralesEnUbicaciones()?[0m
  ?[32mCuando ?[0m?[32mhace clic en ?[0m?[32m?[1m"Atrás"?[0m                                                             ?[90m# com.cotizador.features.CommonUIStepDefinitions.hacerClicEnTexto(java.lang.String)?[0m
  ?[32mEntonces ?[0m?[32mla URL contiene ?[0m?[32m?[1m"/general-info"?[0m                                                ?[90m# com.cotizador.features.CommonUIStepDefinitions.verificarUrlContiene(java.lang.String)?[0m
]]></system-out>
  <system-err><![CDATA[]]></system-err>
</testsuite>
