<?xml version="1.0" encoding="UTF-8"?>
<testsuite name="Cálculo de Prima desde la Interfaz de Usuario" tests="8" skipped="0" failures="0" errors="0" timestamp="2026-04-20T22:39:05" hostname="6ba04ca062c9" time="228.02">
  <properties/>
  <testcase name="Calcular prima y ver resultado financiero" classname="Cálculo de Prima desde la Interfaz de Usuario" time="18.716"/>
  <testcase name="La prima comercial es mayor que la prima neta" classname="Cálculo de Prima desde la Interfaz de Usuario" time="10.701"/>
  <testcase name="Avanzar a términos tras calcular" classname="Cálculo de Prima desde la Interfaz de Usuario" time="10.728"/>
  <testcase name="La página de términos muestra las primas calculadas" classname="Cálculo de Prima desde la Interfaz de Usuario" time="10.922"/>
  <testcase name="Calcular prima y ver resultado financiero" classname="Cálculo de Prima desde la Interfaz de Usuario" time="10.03"/>
  <testcase name="La prima comercial es mayor que la prima neta" classname="Cálculo de Prima desde la Interfaz de Usuario" time="9.716"/>
  <testcase name="Avanzar a términos tras calcular" classname="Cálculo de Prima desde la Interfaz de Usuario" time="9.938"/>
  <testcase name="La página de términos muestra las primas calculadas" classname="Cálculo de Prima desde la Interfaz de Usuario" time="9.971"/>
  <system-out><![CDATA[
@calculo_ui @ui @calcular_prima_ui @smoke @critico
Escenario: Calcular prima y ver resultado financiero                                      ?[90m# features/cotizador/calculo_ui.feature:12?[0m
  ?[32mDado ?[0m?[32mque el folio tiene una ubicación completa y el usuario está en información técnica?[0m ?[90m# com.cotizador.features.CommonUIStepDefinitions.folioConUbicacionEnTechnicalInfo()?[0m
  ?[32mCuando ?[0m?[32mhace clic en el botón ?[0m?[32m?[1m"Calcular Prima"?[0m                                           ?[90m# com.cotizador.features.CommonUIStepDefinitions.hacerClicEnBoton(java.lang.String)?[0m
  ?[32mEntonces ?[0m?[32mel resultado de prima neta es mayor que cero?[0m                                   ?[90m# com.cotizador.features.CalculoUIStepDefinitions.verificarPrimaNetaMayorQueCero()?[0m
  ?[32mY ?[0m?[32mel resultado de prima comercial es mayor que cero?[0m                                     ?[90m# com.cotizador.features.CalculoUIStepDefinitions.verificarPrimaComercialMayorQueCero()?[0m

@calculo_ui @ui @prima_comercial_mayor @smoke
Escenario: La prima comercial es mayor que la prima neta                                  ?[90m# features/cotizador/calculo_ui.feature:18?[0m
  ?[32mDado ?[0m?[32mque el folio tiene una ubicación completa y el usuario está en información técnica?[0m ?[90m# com.cotizador.features.CommonUIStepDefinitions.folioConUbicacionEnTechnicalInfo()?[0m
  ?[32mCuando ?[0m?[32mhace clic en el botón ?[0m?[32m?[1m"Calcular Prima"?[0m                                           ?[90m# com.cotizador.features.CommonUIStepDefinitions.hacerClicEnBoton(java.lang.String)?[0m
  ?[32mEntonces ?[0m?[32mla prima comercial es mayor que la prima neta?[0m                                  ?[90m# com.cotizador.features.CalculoUIStepDefinitions.verificarPrimaComercialMayorQueNeta()?[0m

@calculo_ui @ui @avanzar_tras_calculo @smoke
Escenario: Avanzar a términos tras calcular                                               ?[90m# features/cotizador/calculo_ui.feature:23?[0m
  ?[32mDado ?[0m?[32mque el folio tiene una ubicación completa y el usuario está en información técnica?[0m ?[90m# com.cotizador.features.CommonUIStepDefinitions.folioConUbicacionEnTechnicalInfo()?[0m
  ?[32mCuando ?[0m?[32mhace clic en el botón ?[0m?[32m?[1m"Calcular Prima"?[0m                                           ?[90m# com.cotizador.features.CommonUIStepDefinitions.hacerClicEnBoton(java.lang.String)?[0m
  ?[32mY ?[0m?[32mhace clic en ?[0m?[32m?[1m"Términos y Confirmación"?[0m                                                ?[90m# com.cotizador.features.CommonUIStepDefinitions.hacerClicEnTexto(java.lang.String)?[0m
  ?[32mEntonces ?[0m?[32mes redirigido a la página de términos y confirmación?[0m                           ?[90m# com.cotizador.features.CommonUIStepDefinitions.redirigidoATerminos()?[0m

@calculo_ui @ui @terminos_muestran_primas @smoke
Escenario: La página de términos muestra las primas calculadas                            ?[90m# features/cotizador/calculo_ui.feature:29?[0m
  ?[32mDado ?[0m?[32mque el folio tiene una ubicación completa y el usuario está en información técnica?[0m ?[90m# com.cotizador.features.CommonUIStepDefinitions.folioConUbicacionEnTechnicalInfo()?[0m
  ?[32mCuando ?[0m?[32mhace clic en el botón ?[0m?[32m?[1m"Calcular Prima"?[0m                                           ?[90m# com.cotizador.features.CommonUIStepDefinitions.hacerClicEnBoton(java.lang.String)?[0m
  ?[32mY ?[0m?[32mhace clic en ?[0m?[32m?[1m"Términos y Confirmación"?[0m                                                ?[90m# com.cotizador.features.CommonUIStepDefinitions.hacerClicEnTexto(java.lang.String)?[0m
  ?[32mEntonces ?[0m?[32mla página de términos muestra los valores de prima?[0m                             ?[90m# com.cotizador.features.CalculoUIStepDefinitions.verificarTerminosMuestranPrimas()?[0m

@calculo_ui @ui @calcular_prima_ui @smoke @critico
Escenario: Calcular prima y ver resultado financiero                                      ?[90m# features/cotizador/calculo_ui.feature:12?[0m
  ?[32mDado ?[0m?[32mque el folio tiene una ubicación completa y el usuario está en información técnica?[0m ?[90m# com.cotizador.features.CommonUIStepDefinitions.folioConUbicacionEnTechnicalInfo()?[0m
  ?[32mCuando ?[0m?[32mhace clic en el botón ?[0m?[32m?[1m"Calcular Prima"?[0m                                           ?[90m# com.cotizador.features.CommonUIStepDefinitions.hacerClicEnBoton(java.lang.String)?[0m
  ?[32mEntonces ?[0m?[32mel resultado de prima neta es mayor que cero?[0m                                   ?[90m# com.cotizador.features.CalculoUIStepDefinitions.verificarPrimaNetaMayorQueCero()?[0m
  ?[32mY ?[0m?[32mel resultado de prima comercial es mayor que cero?[0m                                     ?[90m# com.cotizador.features.CalculoUIStepDefinitions.verificarPrimaComercialMayorQueCero()?[0m

@calculo_ui @ui @prima_comercial_mayor @smoke
Escenario: La prima comercial es mayor que la prima neta                                  ?[90m# features/cotizador/calculo_ui.feature:18?[0m
  ?[32mDado ?[0m?[32mque el folio tiene una ubicación completa y el usuario está en información técnica?[0m ?[90m# com.cotizador.features.CommonUIStepDefinitions.folioConUbicacionEnTechnicalInfo()?[0m
  ?[32mCuando ?[0m?[32mhace clic en el botón ?[0m?[32m?[1m"Calcular Prima"?[0m                                           ?[90m# com.cotizador.features.CommonUIStepDefinitions.hacerClicEnBoton(java.lang.String)?[0m
  ?[32mEntonces ?[0m?[32mla prima comercial es mayor que la prima neta?[0m                                  ?[90m# com.cotizador.features.CalculoUIStepDefinitions.verificarPrimaComercialMayorQueNeta()?[0m

@calculo_ui @ui @avanzar_tras_calculo @smoke
Escenario: Avanzar a términos tras calcular                                               ?[90m# features/cotizador/calculo_ui.feature:23?[0m
  ?[32mDado ?[0m?[32mque el folio tiene una ubicación completa y el usuario está en información técnica?[0m ?[90m# com.cotizador.features.CommonUIStepDefinitions.folioConUbicacionEnTechnicalInfo()?[0m
  ?[32mCuando ?[0m?[32mhace clic en el botón ?[0m?[32m?[1m"Calcular Prima"?[0m                                           ?[90m# com.cotizador.features.CommonUIStepDefinitions.hacerClicEnBoton(java.lang.String)?[0m
  ?[32mY ?[0m?[32mhace clic en ?[0m?[32m?[1m"Términos y Confirmación"?[0m                                                ?[90m# com.cotizador.features.CommonUIStepDefinitions.hacerClicEnTexto(java.lang.String)?[0m
  ?[32mEntonces ?[0m?[32mes redirigido a la página de términos y confirmación?[0m                           ?[90m# com.cotizador.features.CommonUIStepDefinitions.redirigidoATerminos()?[0m

@calculo_ui @ui @terminos_muestran_primas @smoke
Escenario: La página de términos muestra las primas calculadas                            ?[90m# features/cotizador/calculo_ui.feature:29?[0m
  ?[32mDado ?[0m?[32mque el folio tiene una ubicación completa y el usuario está en información técnica?[0m ?[90m# com.cotizador.features.CommonUIStepDefinitions.folioConUbicacionEnTechnicalInfo()?[0m
  ?[32mCuando ?[0m?[32mhace clic en el botón ?[0m?[32m?[1m"Calcular Prima"?[0m                                           ?[90m# com.cotizador.features.CommonUIStepDefinitions.hacerClicEnBoton(java.lang.String)?[0m
  ?[32mY ?[0m?[32mhace clic en ?[0m?[32m?[1m"Términos y Confirmación"?[0m                                                ?[90m# com.cotizador.features.CommonUIStepDefinitions.hacerClicEnTexto(java.lang.String)?[0m
  ?[32mEntonces ?[0m?[32mla página de términos muestra los valores de prima?[0m                             ?[90m# com.cotizador.features.CalculoUIStepDefinitions.verificarTerminosMuestranPrimas()?[0m
]]></system-out>
  <system-err><![CDATA[Apr 20, 2026 10:39:07 PM org.openqa.selenium.remote.tracing.opentelemetry.OpenTelemetryTracer createTracer
INFO: Using OpenTelemetry for tracing
]]></system-err>
</testsuite>
