<?xml version="1.0" encoding="UTF-8"?>
<testsuite name="Captura de Datos Generales del Asegurado" tests="5" skipped="0" failures="0" errors="0" timestamp="2026-04-20T22:40:04" hostname="6ba04ca062c9" time="188.327">
  <properties/>
  <testcase name="Completar datos generales y avanzar a ubicaciones" classname="Captura de Datos Generales del Asegurado" time="10.475"/>
  <testcase name="Intentar avanzar sin nombre de asegurado" classname="Captura de Datos Generales del Asegurado" time="4.496"/>
  <testcase name="El botón Atrás regresa al cotizador" classname="Captura de Datos Generales del Asegurado" time="3.855"/>
  <testcase name="Completar datos generales y avanzar a ubicaciones" classname="Captura de Datos Generales del Asegurado" time="10.28"/>
  <testcase name="El botón Atrás regresa al cotizador" classname="Captura de Datos Generales del Asegurado" time="3.676"/>
  <system-out><![CDATA[
@datos_generales @ui @completar_datos @smoke
Escenario: Completar datos generales y avanzar a ubicaciones           ?[90m# features/cotizador/datos_generales.feature:12?[0m
  ?[32mDado ?[0m?[32mque existe un folio activo y el usuario está en datos generales?[0m ?[90m# com.cotizador.features.CommonUIStepDefinitions.folioActivoEnDatosGenerales()?[0m
  ?[32mCuando ?[0m?[32mcompleta el campo ?[0m?[32m?[1m"nombre"?[0m?[32m con ?[0m?[32m?[1m"Empresa Colombiana S.A."?[0m      ?[90m# com.cotizador.features.CommonUIStepDefinitions.completarCampo(java.lang.String,java.lang.String)?[0m
  ?[32mY ?[0m?[32mcompleta el campo ?[0m?[32m?[1m"apellidos"?[0m?[32m con ?[0m?[32m?[1m"Sociedad Anónima"?[0m               ?[90m# com.cotizador.features.CommonUIStepDefinitions.completarCampo(java.lang.String,java.lang.String)?[0m
  ?[32mY ?[0m?[32mcompleta el campo ?[0m?[32m?[1m"email"?[0m?[32m con ?[0m?[32m?[1m"empresa@co.co"?[0m                      ?[90m# com.cotizador.features.CommonUIStepDefinitions.completarCampo(java.lang.String,java.lang.String)?[0m
  ?[32mY ?[0m?[32mcompleta el campo ?[0m?[32m?[1m"telefono"?[0m?[32m con ?[0m?[32m?[1m"+573001234567"?[0m                   ?[90m# com.cotizador.features.CommonUIStepDefinitions.completarCampo(java.lang.String,java.lang.String)?[0m
  ?[32mY ?[0m?[32mcompleta el campo ?[0m?[32m?[1m"numeroIdentificacion"?[0m?[32m con ?[0m?[32m?[1m"900123456"?[0m           ?[90m# com.cotizador.features.CommonUIStepDefinitions.completarCampo(java.lang.String,java.lang.String)?[0m
  ?[32mY ?[0m?[32mselecciona ?[0m?[32m?[1m"NIT"?[0m?[32m en el campo ?[0m?[32m?[1m"tipoIdentificacion"?[0m                  ?[90m# com.cotizador.features.CommonUIStepDefinitions.seleccionarEnCampo(java.lang.String,java.lang.String)?[0m
  ?[32mY ?[0m?[32mhace clic en ?[0m?[32m?[1m"Siguiente"?[0m                                           ?[90m# com.cotizador.features.CommonUIStepDefinitions.hacerClicEnTexto(java.lang.String)?[0m
  ?[32mEntonces ?[0m?[32mes redirigido a la página de ubicaciones?[0m                    ?[90m# com.cotizador.features.CommonUIStepDefinitions.redirigidoAUbicaciones()?[0m

@datos_generales @ui @campo_requerido @error_path
Escenario: Intentar avanzar sin nombre de asegurado                    ?[90m# features/cotizador/datos_generales.feature:23?[0m
  ?[32mDado ?[0m?[32mque existe un folio activo y el usuario está en datos generales?[0m ?[90m# com.cotizador.features.CommonUIStepDefinitions.folioActivoEnDatosGenerales()?[0m
  ?[32mCuando ?[0m?[32mborra el contenido del campo ?[0m?[32m?[1m"nombre"?[0m                         ?[90m# com.cotizador.features.CommonUIStepDefinitions.borrarCampo(java.lang.String)?[0m
  ?[32mY ?[0m?[32mhace clic en ?[0m?[32m?[1m"Siguiente"?[0m                                           ?[90m# com.cotizador.features.CommonUIStepDefinitions.hacerClicEnTexto(java.lang.String)?[0m
  ?[32mEntonces ?[0m?[32mpermanece en la página de datos generales?[0m                   ?[90m# com.cotizador.features.CommonUIStepDefinitions.permaneceDatosGenerales()?[0m

@datos_generales @ui @navegacion_atras @smoke
Escenario: El botón Atrás regresa al cotizador                         ?[90m# features/cotizador/datos_generales.feature:29?[0m
  ?[32mDado ?[0m?[32mque existe un folio activo y el usuario está en datos generales?[0m ?[90m# com.cotizador.features.CommonUIStepDefinitions.folioActivoEnDatosGenerales()?[0m
  ?[32mCuando ?[0m?[32mhace clic en ?[0m?[32m?[1m"Atrás"?[0m                                          ?[90m# com.cotizador.features.CommonUIStepDefinitions.hacerClicEnTexto(java.lang.String)?[0m
  ?[32mEntonces ?[0m?[32mla URL contiene ?[0m?[32m?[1m"/cotizador"?[0m                                ?[90m# com.cotizador.features.CommonUIStepDefinitions.verificarUrlContiene(java.lang.String)?[0m

@datos_generales @ui @completar_datos @smoke
Escenario: Completar datos generales y avanzar a ubicaciones           ?[90m# features/cotizador/datos_generales.feature:12?[0m
  ?[32mDado ?[0m?[32mque existe un folio activo y el usuario está en datos generales?[0m ?[90m# com.cotizador.features.CommonUIStepDefinitions.folioActivoEnDatosGenerales()?[0m
  ?[32mCuando ?[0m?[32mcompleta el campo ?[0m?[32m?[1m"nombre"?[0m?[32m con ?[0m?[32m?[1m"Empresa Colombiana S.A."?[0m      ?[90m# com.cotizador.features.CommonUIStepDefinitions.completarCampo(java.lang.String,java.lang.String)?[0m
  ?[32mY ?[0m?[32mcompleta el campo ?[0m?[32m?[1m"apellidos"?[0m?[32m con ?[0m?[32m?[1m"Sociedad Anónima"?[0m               ?[90m# com.cotizador.features.CommonUIStepDefinitions.completarCampo(java.lang.String,java.lang.String)?[0m
  ?[32mY ?[0m?[32mcompleta el campo ?[0m?[32m?[1m"email"?[0m?[32m con ?[0m?[32m?[1m"empresa@co.co"?[0m                      ?[90m# com.cotizador.features.CommonUIStepDefinitions.completarCampo(java.lang.String,java.lang.String)?[0m
  ?[32mY ?[0m?[32mcompleta el campo ?[0m?[32m?[1m"telefono"?[0m?[32m con ?[0m?[32m?[1m"+573001234567"?[0m                   ?[90m# com.cotizador.features.CommonUIStepDefinitions.completarCampo(java.lang.String,java.lang.String)?[0m
  ?[32mY ?[0m?[32mcompleta el campo ?[0m?[32m?[1m"numeroIdentificacion"?[0m?[32m con ?[0m?[32m?[1m"900123456"?[0m           ?[90m# com.cotizador.features.CommonUIStepDefinitions.completarCampo(java.lang.String,java.lang.String)?[0m
  ?[32mY ?[0m?[32mselecciona ?[0m?[32m?[1m"NIT"?[0m?[32m en el campo ?[0m?[32m?[1m"tipoIdentificacion"?[0m                  ?[90m# com.cotizador.features.CommonUIStepDefinitions.seleccionarEnCampo(java.lang.String,java.lang.String)?[0m
  ?[32mY ?[0m?[32mhace clic en ?[0m?[32m?[1m"Siguiente"?[0m                                           ?[90m# com.cotizador.features.CommonUIStepDefinitions.hacerClicEnTexto(java.lang.String)?[0m
  ?[32mEntonces ?[0m?[32mes redirigido a la página de ubicaciones?[0m                    ?[90m# com.cotizador.features.CommonUIStepDefinitions.redirigidoAUbicaciones()?[0m

@datos_generales @ui @navegacion_atras @smoke
Escenario: El botón Atrás regresa al cotizador                         ?[90m# features/cotizador/datos_generales.feature:29?[0m
  ?[32mDado ?[0m?[32mque existe un folio activo y el usuario está en datos generales?[0m ?[90m# com.cotizador.features.CommonUIStepDefinitions.folioActivoEnDatosGenerales()?[0m
  ?[32mCuando ?[0m?[32mhace clic en ?[0m?[32m?[1m"Atrás"?[0m                                          ?[90m# com.cotizador.features.CommonUIStepDefinitions.hacerClicEnTexto(java.lang.String)?[0m
  ?[32mEntonces ?[0m?[32mla URL contiene ?[0m?[32m?[1m"/cotizador"?[0m                                ?[90m# com.cotizador.features.CommonUIStepDefinitions.verificarUrlContiene(java.lang.String)?[0m
]]></system-out>
  <system-err><![CDATA[]]></system-err>
</testsuite>
